<?xml version="1.0" encoding="UTF-8"?>
<!-- Generated by org.testng.reporters.JUnitReportReporter -->
<testsuite hostname="oppoA51" failures="0" tests="2" name="com.TestRunner.Runner_SwagLab" time="3.266" errors="0" timestamp="2024-08-25T17:33:54 IST" skipped="0">
  <testcase classname="com.TestRunner.Runner_SwagLab" name="login" time="2.184"/>
  <testcase classname="com.TestRunner.Runner_SwagLab" name="testProduct1" time="1.082"/>
</testsuite> <!-- com.TestRunner.Runner_SwagLab -->
